#
# There is insufficient memory for the Java Runtime Environment to continue.
# Native memory allocation (malloc) failed to allocate 1471856 bytes for Chunk::new
# Possible reasons:
#   The system is out of physical RAM or swap space
#   The process is running with CompressedOops enabled, and the Java Heap may be blocking the growth of the native heap
# Possible solutions:
#   Reduce memory load on the system
#   Increase physical memory or swap space
#   Check if swap backing store is full
#   Decrease Java heap size (-Xmx/-Xms)
#   Decrease number of Java threads
#   Decrease Java thread stack sizes (-Xss)
#   Set larger code cache with -XX:ReservedCodeCacheSize=
#   JVM is running with Unscaled Compressed Oops mode in which the Java heap is
#     placed in the first 4GB address space. The Java Heap base address is the
#     maximum limit for the native heap growth. Please use -XX:HeapBaseMinAddress
#     to set the Java Heap base and to place the Java Heap above 4GB virtual address.
# This output file may be truncated or incomplete.
#
#  Out of Memory Error (arena.cpp:189), pid=14404, tid=23600
#
# JRE version: Java(TM) SE Runtime Environment (17.0+35) (build 17+35-LTS-2724)
# Java VM: Java HotSpot(TM) 64-Bit Server VM (17+35-LTS-2724, mixed mode, sharing, tiered, compressed oops, compressed class ptrs, g1 gc, windows-amd64)
# No core dump will be written. Minidumps are not enabled by default on client versions of Windows
#

---------------  S U M M A R Y ------------

Command Line: -javaagent:C:\Users\Lenovo\AppData\Local\JetBrains\Toolbox\apps\IDEA-C\ch-0\221.5591.52\lib\idea_rt.jar=49520:C:\Users\Lenovo\AppData\Local\JetBrains\Toolbox\apps\IDEA-C\ch-0\221.5591.52\bin -Dfile.encoding=UTF-8 com.norab.DemoApplication

Host: Intel(R) Core(TM) i3-8130U CPU @ 2.20GHz, 4 cores, 3G,  Windows 10 , 64 bit Build 22000 (10.0.22000.708)
Time: Sun Jun  5 20:11:25 2022 Közép-európai nyári iduild 22000 (10.0.22000.708) elapsed time: 8.054321 seconds (0d 0h 0m 8s)

---------------  T H R E A D  ---------------

Current thread (0x000001f6667e4900):  JavaThread "C2 CompilerThread0" daemon [_thread_in_native, id=23600, stack(0x000000bc90c00000,0x000000bc90d00000)]


Current CompileTask:
C2:   8054 4080       4       org.springframework.beans.factory.support.AbstractBeanFactory::isTypeMatch (607 bytes)

Stack: [0x000000bc90c00000,0x000000bc90d00000]
Native frames: (J=compiled Java code, j=interpreted, Vv=VM code, C=native code)
V  [jvm.dll+0x66f8ea]
V  [jvm.dll+0x7ce224]
V  [jvm.dll+0x7cf9ce]
V  [jvm.dll+0x7d0033]
V  [jvm.dll+0x242bb5]
V  [jvm.dll+0xaa05b]
V  [jvm.dll+0xaa5ec]
V  [jvm.dll+0x35f9a2]
V  [jvm.dll+0x329f61]
V  [jvm.dll+0x32940a]
V  [jvm.dll+0x215ca1]
V  [jvm.dll+0x2150c1]
V  [jvm.dll+0x1a168d]
V  [jvm.dll+0x2248f8]
V  [jvm.dll+0x222a5c]
V  [jvm.dll+0x78422b]
V  [jvm.dll+0x77e7ea]
V  [jvm.dll+0x66e715]
C  [ucrtbase.dll+0x26c0c]
C  [KERNEL32.DLL+0x154e0]
C  [ntdll.dll+0x485b]


---------------  P R O C E S S  ---------------

Threads class SMR info:
_java_thread_list=0x000001f60627b360, length=20, elements={
0x000001f66671c940, 0x000001f6667cc4a0, 0x000001f6667cd310, 0x000001f6667e1770,
0x000001f6667e2120, 0x000001f6667e3270, 0x000001f6667e3c20, 0x000001f6667e4900,
0x000001f6667e83c0, 0x000001f6667ed970, 0x000001f6049303b0, 0x000001f60498c190,
0x000001f604d9cfa0, 0x000001f60756b870, 0x000001f605780d90, 0x000001f6077a9640,
0x000001f6058ee5a0, 0x000001f605fd39d0, 0x000001f605d2e040, 0x000001f606083910
}

Java Threads: ( => current thread )
  0x000001f66671c940 JavaThread "main" [_thread_in_Java, id=10728, stack(0x000000bc8ff00000,0x000000bc90000000)]
  0x000001f6667cc4a0 JavaThread "Reference Handler" daemon [_thread_blocked, id=996, stack(0x000000bc90600000,0x000000bc90700000)]
  0x000001f6667cd310 JavaThread "Finalizer" daemon [_thread_blocked, id=21132, stack(0x000000bc90700000,0x000000bc90800000)]
  0x000001f6667e1770 JavaThread "Signal Dispatcher" daemon [_thread_blocked, id=24252, stack(0x000000bc90800000,0x000000bc90900000)]
  0x000001f6667e2120 JavaThread "Attach Listener" daemon [_thread_blocked, id=24972, stack(0x000000bc90900000,0x000000bc90a00000)]
  0x000001f6667e3270 JavaThread "Service Thread" daemon [_thread_blocked, id=22192, stack(0x000000bc90a00000,0x000000bc90b00000)]
  0x000001f6667e3c20 JavaThread "Monitor Deflation Thread" daemon [_thread_blocked, id=17868, stack(0x000000bc90b00000,0x000000bc90c00000)]
=>0x000001f6667e4900 JavaThread "C2 CompilerThread0" daemon [_thread_in_native, id=23600, stack(0x000000bc90c00000,0x000000bc90d00000)]
  0x000001f6667e83c0 JavaThread "C1 CompilerThread0" daemon [_thread_blocked, id=14968, stack(0x000000bc90d00000,0x000000bc90e00000)]
  0x000001f6667ed970 JavaThread "Sweeper thread" daemon [_thread_blocked, id=19172, stack(0x000000bc90e00000,0x000000bc90f00000)]
  0x000001f6049303b0 JavaThread "Common-Cleaner" daemon [_thread_blocked, id=19284, stack(0x000000bc90f00000,0x000000bc91000000)]
  0x000001f60498c190 JavaThread "Monitor Ctrl-Break" daemon [_thread_in_native, id=15936, stack(0x000000bc91000000,0x000000bc91100000)]
  0x000001f604d9cfa0 JavaThread "Notification Thread" daemon [_thread_blocked, id=3244, stack(0x000000bc91100000,0x000000bc91200000)]
  0x000001f60756b870 JavaThread "Catalina-utility-1" [_thread_blocked, id=14720, stack(0x000000bc91700000,0x000000bc91800000)]
  0x000001f605780d90 JavaThread "Catalina-utility-2" [_thread_blocked, id=7348, stack(0x000000bc91800000,0x000000bc91900000)]
  0x000001f6077a9640 JavaThread "container-0" [_thread_blocked, id=20244, stack(0x000000bc91900000,0x000000bc91a00000)]
  0x000001f6058ee5a0 JavaThread "HikariPool-1 housekeeper" daemon [_thread_blocked, id=1636, stack(0x000000bc91c00000,0x000000bc91d00000)]
  0x000001f605fd39d0 JavaThread "HikariPool-1 connection adder" daemon [_thread_blocked, id=23672, stack(0x000000bc91d00000,0x000000bc91e00000)]
  0x000001f605d2e040 JavaThread "http-nio-8080-Poller" daemon [_thread_in_native, id=19544, stack(0x000000bc91e00000,0x000000bc91f00000)]
  0x000001f606083910 JavaThread "http-nio-8080-Acceptor" daemon [_thread_in_native, id=15944, stack(0x000000bc91f00000,0x000000bc92000000)]

Other Threads:
  0x000001f6667c6100 VMThread "VM Thread" [stack: 0x000000bc90500000,0x000000bc90600000] [id=19460]
  0x000001f60498f5e0 WatcherThread [stack: 0x000000bc91200000,0x000000bc91300000] [id=17720]
  0x000001f6667494f0 GCTaskThread "GC Thread#0" [stack: 0x000000bc90000000,0x000000bc90100000] [id=13604]
  0x000001f604ea8d00 GCTaskThread "GC Thread#1" [stack: 0x000000bc91300000,0x000000bc91400000] [id=11656]
  0x000001f6052df910 GCTaskThread "GC Thread#2" [stack: 0x000000bc91400000,0x000000bc91500000] [id=10080]
  0x000001f6052dfbc0 GCTaskThread "GC Thread#3" [stack: 0x000000bc91500000,0x000000bc91600000] [id=17820]
  0x000001f666752170 ConcurrentGCThread "G1 Main Marker" [stack: 0x000000bc90100000,0x000000bc90200000] [id=6084]
  0x000001f666752b80 ConcurrentGCThread "G1 Conc#0" [stack: 0x000000bc90200000,0x000000bc90300000] [id=13232]
  0x000001f6667a63c0 ConcurrentGCThread "G1 Refine#0" [stack: 0x000000bc90300000,0x000000bc90400000] [id=11096]
  0x000001f6052df140 ConcurrentGCThread "G1 Refine#1" [stack: 0x000000bc91600000,0x000000bc91700000] [id=23364]
  0x000001f6667a6de0 ConcurrentGCThread "G1 Service" [stack: 0x000000bc90400000,0x000000bc90500000] [id=8292]

Threads with active compile tasks:
C2 CompilerThread0     8116 4080       4       org.springframework.beans.factory.support.AbstractBeanFactory::isTypeMatch (607 bytes)
C1 CompilerThread0     8116 4284       2       org.springframework.asm.MethodWriter::visitSwitchInsn (174 bytes)

VM state: not at safepoint (normal execution)

VM Mutex/Monitor currently owned by a thread: None

Heap address: 0x00000000c1600000, size: 1002 MB, Compressed Oops mode: 32-bit

CDS archive(s) mapped at: [0x0000000800000000-0x0000000800bc0000-0x0000000800bc0000), size 12320768, SharedBaseAddress: 0x0000000800000000, ArchiveRelocationMode: 0.
Compressed class space mapped at: 0x0000000800c00000-0x0000000840c00000, reserved size: 1073741824
Narrow klass base: 0x0000000800000000, Narrow klass shift: 0, Narrow klass range: 0x100000000

GC Precious Log:
 CPUs: 4 total, 4 available
 Memory: 4001M
 Large Page Support: Disabled
 NUMA Support: Disabled
 Compressed Oops: Enabled (32-bit)
 Heap Region Size: 1M
 Heap Min Capacity: 8M
 Heap Initial Capacity: 64M
 Heap Max Capacity: 1002M
 Pre-touch: Disabled
 Parallel Workers: 4
 Concurrent Workers: 1
 Concurrent Refinement Workers: 4
 Periodic GC: Disabled

Heap:
 garbage-first heap   total 54272K, used 21841K [0x00000000c1600000, 0x0000000100000000)
  region size 1024K, 7 young (7168K), 3 survivors (3072K)
 Metaspace       used 34614K, committed 35072K, reserved 1081344K
  class space    used 4389K, committed 4608K, reserved 1048576K

Heap Regions: E=young(eden), S=young(survivor), O=old, HS=humongous(starts), HC=humongous(continues), CS=collection set, F=free, OA=open archive, CA=closed archive, TAMS=top-at-mark-start (previous, next)
|   0|0x00000000c1600000, 0x00000000c1700000, 0x00000000c1700000|100%| O|  |TAMS 0x00000000c1700000, 0x00000000c1600000| Untracked 
|   1|0x00000000c1700000, 0x00000000c1800000, 0x00000000c1800000|100%| O|  |TAMS 0x00000000c1800000, 0x00000000c1700000| Untracked 
|   2|0x00000000c1800000, 0x00000000c1900000, 0x00000000c1900000|100%| O|  |TAMS 0x00000000c1900000, 0x00000000c1800000| Untracked 
|   3|0x00000000c1900000, 0x00000000c1a00000, 0x00000000c1a00000|100%| O|  |TAMS 0x00000000c1a00000, 0x00000000c1900000| Untracked 
|   4|0x00000000c1a00000, 0x00000000c1b00000, 0x00000000c1b00000|100%| O|  |TAMS 0x00000000c1ad5000, 0x00000000c1a00000| Untracked 
|   5|0x00000000c1b00000, 0x00000000c1c00000, 0x00000000c1c00000|100%| O|  |TAMS 0x00000000c1b00000, 0x00000000c1b00000| Untracked 
|   6|0x00000000c1c00000, 0x00000000c1d00000, 0x00000000c1d00000|100%| O|  |TAMS 0x00000000c1c00000, 0x00000000c1c00000| Untracked 
|   7|0x00000000c1d00000, 0x00000000c1d0bc00, 0x00000000c1e00000|  4%| O|  |TAMS 0x00000000c1d00000, 0x00000000c1d00000| Untracked 
|   8|0x00000000c1e00000, 0x00000000c1f00000, 0x00000000c1f00000|100%| O|  |TAMS 0x00000000c1e00000, 0x00000000c1e00000| Untracked 
|   9|0x00000000c1f00000, 0x00000000c2000000, 0x00000000c2000000|100%| O|  |TAMS 0x00000000c1f00000, 0x00000000c1f00000| Untracked 
|  10|0x00000000c2000000, 0x00000000c2100000, 0x00000000c2100000|100%| O|  |TAMS 0x00000000c2000000, 0x00000000c2000000| Untracked 
|  11|0x00000000c2100000, 0x00000000c2200000, 0x00000000c2200000|100%| O|  |TAMS 0x00000000c2100000, 0x00000000c2100000| Untracked 
|  12|0x00000000c2200000, 0x00000000c2300000, 0x00000000c2300000|100%| O|  |TAMS 0x00000000c2200000, 0x00000000c2200000| Untracked 
|  13|0x00000000c2300000, 0x00000000c2400000, 0x00000000c2400000|100%| O|  |TAMS 0x00000000c2300000, 0x00000000c2300000| Untracked 
|  14|0x00000000c2400000, 0x00000000c2500000, 0x00000000c2500000|100%| O|  |TAMS 0x00000000c2400000, 0x00000000c2400000| Untracked 
|  15|0x00000000c2500000, 0x00000000c2600000, 0x00000000c2600000|100%| O|  |TAMS 0x00000000c2500000, 0x00000000c2500000| Untracked 
|  16|0x00000000c2600000, 0x00000000c2700000, 0x00000000c2700000|100%| O|  |TAMS 0x00000000c2600000, 0x00000000c2600000| Untracked 
|  17|0x00000000c2700000, 0x00000000c2726000, 0x00000000c2800000| 14%| O|  |TAMS 0x00000000c2700000, 0x00000000c2700000| Untracked 
|  18|0x00000000c2800000, 0x00000000c2800000, 0x00000000c2900000|  0%| F|  |TAMS 0x00000000c2800000, 0x00000000c2800000| Untracked 
|  19|0x00000000c2900000, 0x00000000c2900000, 0x00000000c2a00000|  0%| F|  |TAMS 0x00000000c2900000, 0x00000000c2900000| Untracked 
|  20|0x00000000c2a00000, 0x00000000c2a00000, 0x00000000c2b00000|  0%| F|  |TAMS 0x00000000c2a00000, 0x00000000c2a00000| Untracked 
|  21|0x00000000c2b00000, 0x00000000c2b00000, 0x00000000c2c00000|  0%| F|  |TAMS 0x00000000c2b00000, 0x00000000c2b00000| Untracked 
|  22|0x00000000c2c00000, 0x00000000c2c00000, 0x00000000c2d00000|  0%| F|  |TAMS 0x00000000c2c00000, 0x00000000c2c00000| Untracked 
|  23|0x00000000c2d00000, 0x00000000c2d00000, 0x00000000c2e00000|  0%| F|  |TAMS 0x00000000c2d00000, 0x00000000c2d00000| Untracked 
|  24|0x00000000c2e00000, 0x00000000c2e228a8, 0x00000000c2f00000| 13%| S|CS|TAMS 0x00000000c2e00000, 0x00000000c2e00000| Complete 
|  25|0x00000000c2f00000, 0x00000000c3000000, 0x00000000c3000000|100%| S|CS|TAMS 0x00000000c2f00000, 0x00000000c2f00000| Complete 
|  26|0x00000000c3000000, 0x00000000c3000000, 0x00000000c3100000|  0%| F|  |TAMS 0x00000000c3000000, 0x00000000c3000000| Untracked 
|  27|0x00000000c3100000, 0x00000000c3100000, 0x00000000c3200000|  0%| F|  |TAMS 0x00000000c3100000, 0x00000000c3100000| Untracked 
|  28|0x00000000c3200000, 0x00000000c3300000, 0x00000000c3300000|100%| S|CS|TAMS 0x00000000c3200000, 0x00000000c3200000| Complete 
|  29|0x00000000c3300000, 0x00000000c3300000, 0x00000000c3400000|  0%| F|  |TAMS 0x00000000c3300000, 0x00000000c3300000| Untracked 
|  30|0x00000000c3400000, 0x00000000c3400000, 0x00000000c3500000|  0%| F|  |TAMS 0x00000000c3400000, 0x00000000c3400000| Untracked 
|  31|0x00000000c3500000, 0x00000000c3500000, 0x00000000c3600000|  0%| F|  |TAMS 0x00000000c3500000, 0x00000000c3500000| Untracked 
|  32|0x00000000c3600000, 0x00000000c3600000, 0x00000000c3700000|  0%| F|  |TAMS 0x00000000c3600000, 0x00000000c3600000| Untracked 
|  33|0x00000000c3700000, 0x00000000c3700000, 0x00000000c3800000|  0%| F|  |TAMS 0x00000000c3700000, 0x00000000c3700000| Untracked 
|  34|0x00000000c3800000, 0x00000000c3800000, 0x00000000c3900000|  0%| F|  |TAMS 0x00000000c3800000, 0x00000000c3800000| Untracked 
|  35|0x00000000c3900000, 0x00000000c3900000, 0x00000000c3a00000|  0%| F|  |TAMS 0x00000000c3900000, 0x00000000c3900000| Untracked 
|  36|0x00000000c3a00000, 0x00000000c3a00000, 0x00000000c3b00000|  0%| F|  |TAMS 0x00000000c3a00000, 0x00000000c3a00000| Untracked 
|  37|0x00000000c3b00000, 0x00000000c3b00000, 0x00000000c3c00000|  0%| F|  |TAMS 0x00000000c3b00000, 0x00000000c3b00000| Untracked 
|  38|0x00000000c3c00000, 0x00000000c3c00000, 0x00000000c3d00000|  0%| F|  |TAMS 0x00000000c3c00000, 0x00000000c3c00000| Untracked 
|  39|0x00000000c3d00000, 0x00000000c3d00000, 0x00000000c3e00000|  0%| F|  |TAMS 0x00000000c3d00000, 0x00000000c3d00000| Untracked 
|  40|0x00000000c3e00000, 0x00000000c3e00000, 0x00000000c3f00000|  0%| F|  |TAMS 0x00000000c3e00000, 0x00000000c3e00000| Untracked 
|  41|0x00000000c3f00000, 0x00000000c3f00000, 0x00000000c4000000|  0%| F|  |TAMS 0x00000000c3f00000, 0x00000000c3f00000| Untracked 
|  42|0x00000000c4000000, 0x00000000c4000000, 0x00000000c4100000|  0%| F|  |TAMS 0x00000000c4000000, 0x00000000c4000000| Untracked 
|  43|0x00000000c4100000, 0x00000000c4100000, 0x00000000c4200000|  0%| F|  |TAMS 0x00000000c4100000, 0x00000000c4100000| Untracked 
|  44|0x00000000c4200000, 0x00000000c4200000, 0x00000000c4300000|  0%| F|  |TAMS 0x00000000c4200000, 0x00000000c4200000| Untracked 
|  45|0x00000000c4300000, 0x00000000c4300000, 0x00000000c4400000|  0%| F|  |TAMS 0x00000000c4300000, 0x00000000c4300000| Untracked 
|  46|0x00000000c4400000, 0x00000000c4400000, 0x00000000c4500000|  0%| F|  |TAMS 0x00000000c4400000, 0x00000000c4400000| Untracked 
|  47|0x00000000c4500000, 0x00000000c4500000, 0x00000000c4600000|  0%| F|  |TAMS 0x00000000c4500000, 0x00000000c4500000| Untracked 
|  48|0x00000000c4600000, 0x00000000c4600000, 0x00000000c4700000|  0%| F|  |TAMS 0x00000000c4600000, 0x00000000c4600000| Untracked 
|  49|0x00000000c4700000, 0x00000000c47b43c8, 0x00000000c4800000| 70%| E|  |TAMS 0x00000000c4700000, 0x00000000c4700000| Complete 
|  50|0x00000000c4800000, 0x00000000c4900000, 0x00000000c4900000|100%| E|CS|TAMS 0x00000000c4800000, 0x00000000c4800000| Complete 
|  51|0x00000000c4900000, 0x00000000c4a00000, 0x00000000c4a00000|100%| E|CS|TAMS 0x00000000c4900000, 0x00000000c4900000| Complete 
|  63|0x00000000c5500000, 0x00000000c5600000, 0x00000000c5600000|100%| E|CS|TAMS 0x00000000c5500000, 0x00000000c5500000| Complete 

Card table byte_map: [0x000001f67ef20000,0x000001f67f120000] _byte_map_base: 0x000001f67e915000

Marking Bits (Prev, Next): (CMBitMap*) 0x000001f666749b40, (CMBitMap*) 0x000001f666749b00
 Prev Bits: [0x000001f600fb0000, 0x000001f601f58000)
 Next Bits: [0x000001f600000000, 0x000001f600fa8000)

Polling page: 0x000001f6667f0000

Metaspace:

Usage:
  Non-class:     29.53 MB used.
      Class:      4.29 MB used.
       Both:     33.81 MB used.

Virtual space:
  Non-class space:       32.00 MB reserved,      29.75 MB ( 93%) committed,  4 nodes.
      Class space:        1.00 GB reserved,       4.50 MB ( <1%) committed,  1 nodes.
             Both:        1.03 GB reserved,      34.25 MB (  3%) committed. 

Chunk freelists:
   Non-Class:  1.98 MB
       Class:  3.55 MB
        Both:  5.54 MB

MaxMetaspaceSize: unlimited
CompressedClassSpaceSize: 1.00 GB
Initial GC threshold: 21.00 MB
Current GC threshold: 35.12 MB
CDS: on
MetaspaceReclaimPolicy: balanced
 - commit_granule_bytes: 65536.
 - commit_granule_words: 8192.
 - virtual_space_node_default_size: 1048576.
 - enlarge_chunks_in_place: 1.
 - new_chunks_are_fully_committed: 0.
 - uncommit_free_chunks: 1.
 - use_allocation_guard: 0.
 - handle_deallocations: 1.


Internal statistics:

num_allocs_failed_limit: 3.
num_arena_births: 468.
num_arena_deaths: 0.
num_vsnodes_births: 5.
num_vsnodes_deaths: 0.
num_space_committed: 548.
num_space_uncommitted: 0.
num_chunks_returned_to_freelist: 3.
num_chunks_taken_from_freelist: 1750.
num_chunk_merges: 0.
num_chunk_splits: 1146.
num_chunks_enlarged: 835.
num_purges: 0.
num_inconsistent_stats: 0.

CodeHeap 'non-profiled nmethods': size=120000Kb used=1645Kb max_used=1645Kb free=118354Kb
 bounds [0x000001f6771c0000, 0x000001f677430000, 0x000001f67e6f0000]
CodeHeap 'profiled nmethods': size=120000Kb used=8521Kb max_used=8521Kb free=111478Kb
 bounds [0x000001f66fc90000, 0x000001f6704f0000, 0x000001f6771c0000]
CodeHeap 'non-nmethods': size=5760Kb used=1218Kb max_used=1290Kb free=4541Kb
 bounds [0x000001f66f6f0000, 0x000001f66f960000, 0x000001f66fc90000]
 total_blobs=4745 nmethods=4224 adapters=432
 compilation: enabled
              stopped_count=0, restarted_count=0
 full_count=0

Compilation events (20 events):
Event: 8.036 Thread 0x000001f6667e83c0 nmethod 4173 0x000001f677355310 code [0x000001f6773554a0, 0x000001f677355578]
Event: 8.040 Thread 0x000001f6667e83c0 4174       2       java.io.DataInputStream::readUTF (5 bytes)
Event: 8.041 Thread 0x000001f6667e83c0 nmethod 4174 0x000001f6704c0e10 code [0x000001f6704c0fa0, 0x000001f6704c10c8]
Event: 8.041 Thread 0x000001f6667e83c0 4175       2       java.io.DataInputStream::readUnsignedShort (39 bytes)
Event: 8.041 Thread 0x000001f6667e83c0 nmethod 4175 0x000001f6704c1190 code [0x000001f6704c1360, 0x000001f6704c15a8]
Event: 8.042 Thread 0x000001f6667e83c0 4176       2       java.io.DataInputStream::readFully (9 bytes)
Event: 8.042 Thread 0x000001f6667e83c0 nmethod 4176 0x000001f6704c1710 code [0x000001f6704c18a0, 0x000001f6704c19c8]
Event: 8.047 Thread 0x000001f6667e83c0 4177  s    2       java.io.ByteArrayInputStream::read (36 bytes)
Event: 8.048 Thread 0x000001f6667e83c0 nmethod 4177 0x000001f6704c1a90 code [0x000001f6704c1c20, 0x000001f6704c1e38]
Event: 8.048 Thread 0x000001f6667e83c0 4178       2       java.io.DataInputStream::readByte (23 bytes)
Event: 8.048 Thread 0x000001f6667e83c0 nmethod 4178 0x000001f6704c1f10 code [0x000001f6704c20c0, 0x000001f6704c22b8]
Event: 8.050 Thread 0x000001f6667e83c0 4179       1       java.time.temporal.ValueRange::getMinimum (5 bytes)
Event: 8.051 Thread 0x000001f6667e83c0 nmethod 4179 0x000001f677355610 code [0x000001f6773557a0, 0x000001f677355878]
Event: 8.051 Thread 0x000001f6667e83c0 4180       1       java.time.temporal.ValueRange::getMaximum (5 bytes)
Event: 8.051 Thread 0x000001f6667e83c0 nmethod 4180 0x000001f677355910 code [0x000001f677355aa0, 0x000001f677355b78]
Event: 8.051 Thread 0x000001f6667e83c0 4181       1       java.time.temporal.ChronoField::range (5 bytes)
Event: 8.051 Thread 0x000001f6667e83c0 nmethod 4181 0x000001f677355c10 code [0x000001f677355da0, 0x000001f677355e78]
Event: 8.051 Thread 0x000001f6667e83c0 4182       1       java.time.ZoneOffset::getTotalSeconds (5 bytes)
Event: 8.051 Thread 0x000001f6667e83c0 nmethod 4182 0x000001f677355f10 code [0x000001f6773560a0, 0x000001f677356178]
Event: 8.051 Thread 0x000001f6667e83c0 4183       2       java.time.temporal.ValueRange::isValidValue (24 bytes)

GC Heap History (18 events):
Event: 1.163 GC heap before
{Heap before GC invocations=0 (full 0):
 garbage-first heap   total 65536K, used 12288K [0x00000000c1600000, 0x0000000100000000)
  region size 1024K, 13 young (13312K), 0 survivors (0K)
 Metaspace       used 3334K, committed 3456K, reserved 1056768K
  class space    used 338K, committed 384K, reserved 1048576K
}
Event: 1.189 GC heap after
{Heap after GC invocations=1 (full 0):
 garbage-first heap   total 65536K, used 5088K [0x00000000c1600000, 0x0000000100000000)
  region size 1024K, 2 young (2048K), 2 survivors (2048K)
 Metaspace       used 3334K, committed 3456K, reserved 1056768K
  class space    used 338K, committed 384K, reserved 1048576K
}
Event: 1.688 GC heap before
{Heap before GC invocations=1 (full 0):
 garbage-first heap   total 65536K, used 14304K [0x00000000c1600000, 0x0000000100000000)
  region size 1024K, 11 young (11264K), 2 survivors (2048K)
 Metaspace       used 6116K, committed 6336K, reserved 1056768K
  class space    used 714K, committed 832K, reserved 1048576K
}
Event: 1.694 GC heap after
{Heap after GC invocations=2 (full 0):
 garbage-first heap   total 65536K, used 6141K [0x00000000c1600000, 0x0000000100000000)
  region size 1024K, 2 young (2048K), 2 survivors (2048K)
 Metaspace       used 6116K, committed 6336K, reserved 1056768K
  class space    used 714K, committed 832K, reserved 1048576K
}
Event: 2.493 GC heap before
{Heap before GC invocations=2 (full 0):
 garbage-first heap   total 65536K, used 27645K [0x00000000c1600000, 0x0000000100000000)
  region size 1024K, 24 young (24576K), 2 survivors (2048K)
 Metaspace       used 12294K, committed 12544K, reserved 1064960K
  class space    used 1498K, committed 1600K, reserved 1048576K
}
Event: 2.497 GC heap after
{Heap after GC invocations=3 (full 0):
 garbage-first heap   total 65536K, used 7458K [0x00000000c1600000, 0x0000000100000000)
  region size 1024K, 3 young (3072K), 3 survivors (3072K)
 Metaspace       used 12294K, committed 12544K, reserved 1064960K
  class space    used 1498K, committed 1600K, reserved 1048576K
}
Event: 3.731 GC heap before
{Heap before GC invocations=3 (full 0):
 garbage-first heap   total 65536K, used 41250K [0x00000000c1600000, 0x0000000100000000)
  region size 1024K, 36 young (36864K), 3 survivors (3072K)
 Metaspace       used 18083K, committed 18368K, reserved 1064960K
  class space    used 2238K, committed 2368K, reserved 1048576K
}
Event: 3.740 GC heap after
{Heap after GC invocations=4 (full 0):
 garbage-first heap   total 65536K, used 9720K [0x00000000c1600000, 0x0000000100000000)
  region size 1024K, 5 young (5120K), 5 survivors (5120K)
 Metaspace       used 18083K, committed 18368K, reserved 1064960K
  class space    used 2238K, committed 2368K, reserved 1048576K
}
Event: 4.490 GC heap before
{Heap before GC invocations=4 (full 0):
 garbage-first heap   total 65536K, used 25080K [0x00000000c1600000, 0x0000000100000000)
  region size 1024K, 21 young (21504K), 5 survivors (5120K)
 Metaspace       used 21263K, committed 21504K, reserved 1073152K
  class space    used 2674K, committed 2816K, reserved 1048576K
}
Event: 4.505 GC heap after
{Heap after GC invocations=5 (full 0):
 garbage-first heap   total 65536K, used 11054K [0x00000000c1600000, 0x0000000100000000)
  region size 1024K, 4 young (4096K), 4 survivors (4096K)
 Metaspace       used 21263K, committed 21504K, reserved 1073152K
  class space    used 2674K, committed 2816K, reserved 1048576K
}
Event: 5.468 GC heap before
{Heap before GC invocations=6 (full 0):
 garbage-first heap   total 45056K, used 33582K [0x00000000c1600000, 0x0000000100000000)
  region size 1024K, 26 young (26624K), 4 survivors (4096K)
 Metaspace       used 25428K, committed 25728K, reserved 1073152K
  class space    used 3199K, committed 3328K, reserved 1048576K
}
Event: 5.483 GC heap after
{Heap after GC invocations=7 (full 0):
 garbage-first heap   total 45056K, used 13359K [0x00000000c1600000, 0x0000000100000000)
  region size 1024K, 4 young (4096K), 4 survivors (4096K)
 Metaspace       used 25428K, committed 25728K, reserved 1073152K
  class space    used 3199K, committed 3328K, reserved 1048576K
}
Event: 6.769 GC heap before
{Heap before GC invocations=7 (full 0):
 garbage-first heap   total 45056K, used 30767K [0x00000000c1600000, 0x0000000100000000)
  region size 1024K, 22 young (22528K), 4 survivors (4096K)
 Metaspace       used 29978K, committed 30272K, reserved 1081344K
  class space    used 3756K, committed 3904K, reserved 1048576K
}
Event: 6.778 GC heap after
{Heap after GC invocations=8 (full 0):
 garbage-first heap   total 45056K, used 14911K [0x00000000c1600000, 0x0000000100000000)
  region size 1024K, 2 young (2048K), 2 survivors (2048K)
 Metaspace       used 29978K, committed 30272K, reserved 1081344K
  class space    used 3756K, committed 3904K, reserved 1048576K
}
Event: 7.404 GC heap before
{Heap before GC invocations=8 (full 0):
 garbage-first heap   total 45056K, used 30271K [0x00000000c1600000, 0x0000000100000000)
  region size 1024K, 18 young (18432K), 2 survivors (2048K)
 Metaspace       used 31591K, committed 31872K, reserved 1081344K
  class space    used 3965K, committed 4096K, reserved 1048576K
}
Event: 7.412 GC heap after
{Heap after GC invocations=9 (full 0):
 garbage-first heap   total 45056K, used 16584K [0x00000000c1600000, 0x0000000100000000)
  region size 1024K, 3 young (3072K), 3 survivors (3072K)
 Metaspace       used 31591K, committed 31872K, reserved 1081344K
  class space    used 3965K, committed 4096K, reserved 1048576K
}
Event: 8.003 GC heap before
{Heap before GC invocations=9 (full 0):
 garbage-first heap   total 45056K, used 31944K [0x00000000c1600000, 0x0000000100000000)
  region size 1024K, 18 young (18432K), 3 survivors (3072K)
 Metaspace       used 34217K, committed 34560K, reserved 1081344K
  class space    used 4340K, committed 4544K, reserved 1048576K
}
Event: 8.011 GC heap after
{Heap after GC invocations=10 (full 0):
 garbage-first heap   total 54272K, used 18769K [0x00000000c1600000, 0x0000000100000000)
  region size 1024K, 3 young (3072K), 3 survivors (3072K)
 Metaspace       used 34217K, committed 34560K, reserved 1081344K
  class space    used 4340K, committed 4544K, reserved 1048576K
}

Deoptimization events (20 events):
Event: 7.162 Thread 0x000001f66671c940 Uncommon trap: trap_request=0xffffffbe fr.pc=0x000001f677337dc0 relative=0x0000000000000700
Event: 7.162 Thread 0x000001f66671c940 Uncommon trap: reason=profile_predicate action=maybe_recompile pc=0x000001f677337dc0 method=java.lang.PublicMethods$MethodList.filter([Ljava/lang/reflect/Method;Ljava/lang/String;[Ljava/lang/Class;Z)Ljava/lang/PublicMethods$MethodList; @ 21 c2
Event: 7.162 Thread 0x000001f66671c940 DEOPT PACKING pc=0x000001f677337dc0 sp=0x000000bc8fffdc60
Event: 7.162 Thread 0x000001f66671c940 DEOPT UNPACKING pc=0x000001f66f7423a3 sp=0x000000bc8fffdc18 mode 2
Event: 7.169 Thread 0x000001f605fd39d0 DEOPT PACKING pc=0x000001f6703c9703 sp=0x000000bc91dfe520
Event: 7.169 Thread 0x000001f605fd39d0 DEOPT UNPACKING pc=0x000001f66f742b43 sp=0x000000bc91dfd9f8 mode 0
Event: 7.169 Thread 0x000001f605fd39d0 Uncommon trap: trap_request=0xffffff45 fr.pc=0x000001f677332334 relative=0x0000000000004d74
Event: 7.169 Thread 0x000001f605fd39d0 Uncommon trap: reason=unstable_if action=reinterpret pc=0x000001f677332334 method=sun.security.provider.DigestBase.engineUpdate([BII)V @ 119 c2
Event: 7.170 Thread 0x000001f605fd39d0 DEOPT PACKING pc=0x000001f677332334 sp=0x000000bc91dfe4c0
Event: 7.170 Thread 0x000001f605fd39d0 DEOPT UNPACKING pc=0x000001f66f7423a3 sp=0x000000bc91dfe2a8 mode 2
Event: 7.930 Thread 0x000001f66671c940 DEOPT PACKING pc=0x000001f6703385b1 sp=0x000000bc8fffda50
Event: 7.930 Thread 0x000001f66671c940 DEOPT UNPACKING pc=0x000001f66f742b43 sp=0x000000bc8fffcf08 mode 0
Event: 7.949 Thread 0x000001f66671c940 Uncommon trap: trap_request=0xffffff45 fr.pc=0x000001f6772eb9f8 relative=0x0000000000000218
Event: 7.949 Thread 0x000001f66671c940 Uncommon trap: reason=unstable_if action=reinterpret pc=0x000001f6772eb9f8 method=java.util.HashMap.putVal(ILjava/lang/Object;Ljava/lang/Object;ZZ)Ljava/lang/Object; @ 162 c2
Event: 7.949 Thread 0x000001f66671c940 DEOPT PACKING pc=0x000001f6772eb9f8 sp=0x000000bc8fffc960
Event: 7.949 Thread 0x000001f66671c940 DEOPT UNPACKING pc=0x000001f66f7423a3 sp=0x000000bc8fffc888 mode 2
Event: 7.980 Thread 0x000001f66671c940 Uncommon trap: trap_request=0xffffff45 fr.pc=0x000001f6772402e0 relative=0x0000000000000060
Event: 7.980 Thread 0x000001f66671c940 Uncommon trap: reason=unstable_if action=reinterpret pc=0x000001f6772402e0 method=org.springframework.util.ConcurrentReferenceHashMap$Segment.clear()V @ 7 c2
Event: 7.980 Thread 0x000001f66671c940 DEOPT PACKING pc=0x000001f6772402e0 sp=0x000000bc8fffefe0
Event: 7.980 Thread 0x000001f66671c940 DEOPT UNPACKING pc=0x000001f66f7423a3 sp=0x000000bc8fffef70 mode 2

Classes unloaded (0 events):
No events

Classes redefined (0 events):
No events

Internal exceptions (20 events):
Event: 7.090 Thread 0x000001f66671c940 Exception <a 'java/lang/ClassNotFoundException'{0x00000000c3a86d40}: org/springframework/web/servlet/config/annotation/WebMvcConfigurationSupportCustomizer> (0x00000000c3a86d40) 
thrown [t:\workspace\open\src\hotspot\share\classfile\systemDictionary.cpp, line 256]
Event: 7.092 Thread 0x000001f66671c940 Exception <a 'java/lang/ClassNotFoundException'{0x00000000c3a99168}: org/springframework/web/servlet/config/annotation/DelegatingWebMvcConfigurationCustomizer> (0x00000000c3a99168) 
thrown [t:\workspace\open\src\hotspot\share\classfile\systemDictionary.cpp, line 256]
Event: 7.093 Thread 0x000001f66671c940 Exception <a 'java/lang/ClassNotFoundException'{0x00000000c3aa0598}: org/springframework/boot/autoconfigure/web/servlet/WebMvcAutoConfiguration$EnableWebMvcConfigurationCustomizer> (0x00000000c3aa0598) 
thrown [t:\workspace\open\src\hotspot\share\classfile\systemDictionary.cpp, line 256]
Event: 7.095 Thread 0x000001f66671c940 Exception <a 'java/lang/ClassNotFoundException'{0x00000000c3ab2378}: org/springframework/context/ResourceLoaderAwareCustomizer> (0x00000000c3ab2378) 
thrown [t:\workspace\open\src\hotspot\share\classfile\systemDictionary.cpp, line 256]
Event: 7.095 Thread 0x000001f66671c940 Exception <a 'java/lang/ClassNotFoundException'{0x00000000c3ab5a80}: org/springframework/beans/factory/AwareCustomizer> (0x00000000c3ab5a80) 
thrown [t:\workspace\open\src\hotspot\share\classfile\systemDictionary.cpp, line 256]
Event: 7.095 Thread 0x000001f66671c940 Exception <a 'java/lang/ClassNotFoundException'{0x00000000c3ab8468}: org/springframework/context/ApplicationContextAwareCustomizer> (0x00000000c3ab8468) 
thrown [t:\workspace\open\src\hotspot\share\classfile\systemDictionary.cpp, line 256]
Event: 7.096 Thread 0x000001f66671c940 Exception <a 'java/lang/ClassNotFoundException'{0x00000000c3abc660}: org/springframework/beans/factory/AwareCustomizer> (0x00000000c3abc660) 
thrown [t:\workspace\open\src\hotspot\share\classfile\systemDictionary.cpp, line 256]
Event: 7.096 Thread 0x000001f66671c940 Exception <a 'java/lang/ClassNotFoundException'{0x00000000c3abf020}: org/springframework/web/context/ServletContextAwareCustomizer> (0x00000000c3abf020) 
thrown [t:\workspace\open\src\hotspot\share\classfile\systemDictionary.cpp, line 256]
Event: 7.097 Thread 0x000001f66671c940 Exception <a 'java/lang/ClassNotFoundException'{0x00000000c3ac2dd0}: org/springframework/beans/factory/AwareCustomizer> (0x00000000c3ac2dd0) 
thrown [t:\workspace\open\src\hotspot\share\classfile\systemDictionary.cpp, line 256]
Event: 7.359 Thread 0x000001f66671c940 Exception <a 'java/lang/NoSuchMethodError'{0x00000000c33cce60}: 'void java.lang.invoke.DirectMethodHandle$Holder.invokeVirtual(java.lang.Object, java.lang.Object, int)'> (0x00000000c33cce60) 
thrown [t:\workspace\open\src\hotspot\share\interpreter\linkResolver.cpp, line 766]
Event: 7.364 Thread 0x000001f66671c940 Exception <a 'java/lang/NoSuchMethodError'{0x00000000c33e79b8}: 'void java.lang.invoke.DirectMethodHandle$Holder.invokeVirtual(java.lang.Object, java.lang.Object, long)'> (0x00000000c33e79b8) 
thrown [t:\workspace\open\src\hotspot\share\interpreter\linkResolver.cpp, line 766]
Event: 7.591 Thread 0x000001f66671c940 Exception <a 'java/lang/IncompatibleClassChangeError'{0x00000000c4244290}: Found class java.lang.Object, but interface was expected> (0x00000000c4244290) 
thrown [t:\workspace\open\src\hotspot\share\interpreter\linkResolver.cpp, line 833]
Event: 7.649 Thread 0x000001f66671c940 Exception <a 'java/lang/NoSuchMethodError'{0x00000000c3ccb6a0}: 'int java.lang.invoke.DirectMethodHandle$Holder.invokeStaticInit(java.lang.Object, java.lang.Object, java.lang.Object, java.lang.Object)'> (0x00000000c3ccb6a0) 
thrown [t:\workspace\open\src\hotspot\share\interpreter\linkResolver.cpp, line 766]
Event: 7.734 Thread 0x000001f66671c940 Exception <a 'java/lang/IncompatibleClassChangeError'{0x00000000c3979e90}: Found class java.lang.Object, but interface was expected> (0x00000000c3979e90) 
thrown [t:\workspace\open\src\hotspot\share\interpreter\linkResolver.cpp, line 833]
Event: 7.775 Thread 0x000001f66671c940 Exception <a 'java/lang/IncompatibleClassChangeError'{0x00000000c38644a8}: Found class java.lang.Object, but interface was expected> (0x00000000c38644a8) 
thrown [t:\workspace\open\src\hotspot\share\interpreter\linkResolver.cpp, line 833]
Event: 7.917 Thread 0x000001f66671c940 Exception <a 'java/lang/NoSuchMethodError'{0x00000000c3443570}: 'java.lang.Object java.lang.invoke.DirectMethodHandle$Holder.newInvokeSpecial(java.lang.Object, java.lang.Object, int, java.lang.Object, java.lang.Object)'> (0x00000000c3443570) 
thrown [t:\workspace\open\src\hotspot\share\interpreter\linkResolver.cpp, line 766]
Event: 7.918 Thread 0x000001f66671c940 Exception <a 'java/lang/NoSuchMethodError'{0x00000000c344f010}: 'java.lang.Object java.lang.invoke.DirectMethodHandle$Holder.invokeSpecial(java.lang.Object, java.lang.Object, int, java.lang.Object, int, java.lang.Object)'> (0x00000000c344f010) 
thrown [t:\workspace\open\src\hotspot\share\interpreter\linkResolver.cpp, line 766]
Event: 7.919 Thread 0x000001f66671c940 Exception <a 'java/lang/NoSuchMethodError'{0x00000000c3456e10}: 'java.lang.Object java.lang.invoke.DirectMethodHandle$Holder.newInvokeSpecial(java.lang.Object, java.lang.Object, int, java.lang.Object, int)'> (0x00000000c3456e10) 
thrown [t:\workspace\open\src\hotspot\share\interpreter\linkResolver.cpp, line 766]
Event: 7.919 Thread 0x000001f66671c940 Exception <a 'java/lang/NoSuchMethodError'{0x00000000c345af10}: 'java.lang.Object java.lang.invoke.DirectMethodHandle$Holder.invokeSpecial(java.lang.Object, java.lang.Object, java.lang.Object, int, java.lang.Object, int)'> (0x00000000c345af10) 
thrown [t:\workspace\open\src\hotspot\share\interpreter\linkResolver.cpp, line 766]
Event: 7.921 Thread 0x000001f66671c940 Exception <a 'java/lang/NoSuchMethodError'{0x00000000c3464ae8}: 'void java.lang.invoke.DirectMethodHandle$Holder.invokeVirtual(java.lang.Object, java.lang.Object)'> (0x00000000c3464ae8) 
thrown [t:\workspace\open\src\hotspot\share\interpreter\linkResolver.cpp, line 766]

VM Operations (20 events):
Event: 6.161 Executing VM operation: HandshakeAllThreads
Event: 6.161 Executing VM operation: HandshakeAllThreads done
Event: 6.769 Executing VM operation: G1CollectForAllocation
Event: 6.778 Executing VM operation: G1CollectForAllocation done
Event: 7.129 Executing VM operation: HandshakeAllThreads
Event: 7.129 Executing VM operation: HandshakeAllThreads done
Event: 7.160 Executing VM operation: HandshakeAllThreads
Event: 7.160 Executing VM operation: HandshakeAllThreads done
Event: 7.240 Executing VM operation: HandshakeAllThreads
Event: 7.240 Executing VM operation: HandshakeAllThreads done
Event: 7.401 Executing VM operation: HandshakeAllThreads
Event: 7.401 Executing VM operation: HandshakeAllThreads done
Event: 7.404 Executing VM operation: G1CollectForAllocation
Event: 7.412 Executing VM operation: G1CollectForAllocation done
Event: 7.539 Executing VM operation: HandshakeAllThreads
Event: 7.539 Executing VM operation: HandshakeAllThreads done
Event: 7.603 Executing VM operation: HandshakeAllThreads
Event: 7.603 Executing VM operation: HandshakeAllThreads done
Event: 8.002 Executing VM operation: G1CollectForAllocation
Event: 8.011 Executing VM operation: G1CollectForAllocation done

Events (20 events):
Event: 7.986 loading class jdk/internal/math/FDBigInteger
Event: 7.987 loading class jdk/internal/math/FDBigInteger done
Event: 8.032 loading class java/time/format/DateTimeParseContext
Event: 8.032 loading class java/time/format/DateTimeParseContext done
Event: 8.032 loading class java/time/format/Parsed
Event: 8.033 loading class java/time/format/Parsed done
Event: 8.038 loading class java/time/zone/ZoneRulesProvider
Event: 8.038 loading class java/time/zone/ZoneRulesProvider done
Event: 8.038 loading class java/time/zone/ZoneRulesProvider$1
Event: 8.038 loading class java/time/zone/ZoneRulesProvider$1 done
Event: 8.038 loading class java/time/zone/TzdbZoneRulesProvider
Event: 8.039 loading class java/time/zone/TzdbZoneRulesProvider done
Event: 8.046 loading class java/time/zone/Ser
Event: 8.046 loading class java/time/zone/Ser done
Event: 8.048 loading class java/time/DayOfWeek
Event: 8.049 loading class java/time/DayOfWeek done
Event: 8.049 loading class java/time/zone/ZoneOffsetTransitionRule$TimeDefinition
Event: 8.049 loading class java/time/zone/ZoneOffsetTransitionRule$TimeDefinition done
Event: 8.050 loading class java/time/zone/ZoneOffsetTransition
Event: 8.050 loading class java/time/zone/ZoneOffsetTransition done


Dynamic libraries:
0x00007ff7937e0000 - 0x00007ff7937f0000 	C:\Program Files\Java\jdk-17\bin\java.exe
0x00007fff48b20000 - 0x00007fff48d29000 	C:\WINDOWS\SYSTEM32\ntdll.dll
0x00007fff470e0000 - 0x00007fff4719d000 	C:\WINDOWS\System32\KERNEL32.DLL
0x00007fff464d0000 - 0x00007fff46849000 	C:\WINDOWS\System32\KERNELBASE.dll
0x00007fff46240000 - 0x00007fff46351000 	C:\WINDOWS\System32\ucrtbase.dll
0x00007fff157a0000 - 0x00007fff157ba000 	C:\Program Files\Java\jdk-17\bin\VCRUNTIME140.dll
0x00007fff172f0000 - 0x00007fff17308000 	C:\Program Files\Java\jdk-17\bin\jli.dll
0x00007fff47240000 - 0x00007fff472ee000 	C:\WINDOWS\System32\ADVAPI32.dll
0x00007fff48a30000 - 0x00007fff48ad3000 	C:\WINDOWS\System32\msvcrt.dll
0x00007fff471a0000 - 0x00007fff4723e000 	C:\WINDOWS\System32\sechost.dll
0x00007fff48590000 - 0x00007fff486b0000 	C:\WINDOWS\System32\RPCRT4.dll
0x00007fff47400000 - 0x00007fff475ac000 	C:\WINDOWS\System32\USER32.dll
0x00007fff46190000 - 0x00007fff461b6000 	C:\WINDOWS\System32\win32u.dll
0x00007fff46f40000 - 0x00007fff46f69000 	C:\WINDOWS\System32\GDI32.dll
0x00007fff46000000 - 0x00007fff46112000 	C:\WINDOWS\System32\gdi32full.dll
0x00007fff46910000 - 0x00007fff469ad000 	C:\WINDOWS\System32\msvcp_win.dll
0x00007fff3fd90000 - 0x00007fff3fd9a000 	C:\WINDOWS\SYSTEM32\VERSION.dll
0x00007fff2c470000 - 0x00007fff2c715000 	C:\WINDOWS\WinSxS\amd64_microsoft.windows.common-controls_6595b64144ccf1df_6.0.22000.120_none_9d947278b86cc467\COMCTL32.dll
0x00007fff469b0000 - 0x00007fff469e1000 	C:\WINDOWS\System32\IMM32.DLL
0x00007fff42080000 - 0x00007fff4208c000 	C:\Program Files\Java\jdk-17\bin\vcruntime140_1.dll
0x00007ffedde10000 - 0x00007ffedde9d000 	C:\Program Files\Java\jdk-17\bin\msvcp140.dll
0x00007ffeaa810000 - 0x00007ffeab3ce000 	C:\Program Files\Java\jdk-17\bin\server\jvm.dll
0x00007fff46fd0000 - 0x00007fff46fd8000 	C:\WINDOWS\System32\PSAPI.DLL
0x00007fff2de40000 - 0x00007fff2de49000 	C:\WINDOWS\SYSTEM32\WSOCK32.dll
0x00007fff47390000 - 0x00007fff473ff000 	C:\WINDOWS\System32\WS2_32.dll
0x00007fff40e50000 - 0x00007fff40e83000 	C:\WINDOWS\SYSTEM32\WINMM.dll
0x00007fff451c0000 - 0x00007fff451d8000 	C:\WINDOWS\SYSTEM32\kernel.appcore.dll
0x00007fff329b0000 - 0x00007fff329ba000 	C:\Program Files\Java\jdk-17\bin\jimage.dll
0x00007fff43d80000 - 0x00007fff43fa1000 	C:\WINDOWS\SYSTEM32\DBGHELP.DLL
0x00007fff2dec0000 - 0x00007fff2def1000 	C:\WINDOWS\SYSTEM32\dbgcore.DLL
0x00007fff461c0000 - 0x00007fff4623f000 	C:\WINDOWS\System32\bcryptPrimitives.dll
0x00007fff42070000 - 0x00007fff4207e000 	C:\Program Files\Java\jdk-17\bin\instrument.dll
0x00007fff15210000 - 0x00007fff15235000 	C:\Program Files\Java\jdk-17\bin\java.dll
0x00007ffeddd30000 - 0x00007ffedde06000 	C:\Program Files\Java\jdk-17\bin\svml.dll
0x00007fff475b0000 - 0x00007fff47d68000 	C:\WINDOWS\System32\SHELL32.dll
0x00007fff44140000 - 0x00007fff449a8000 	C:\WINDOWS\SYSTEM32\windows.storage.dll
0x00007fff486b0000 - 0x00007fff48a29000 	C:\WINDOWS\System32\combase.dll
0x00007fff43fd0000 - 0x00007fff44136000 	C:\WINDOWS\SYSTEM32\wintypes.dll
0x00007fff484a0000 - 0x00007fff4858a000 	C:\WINDOWS\System32\SHCORE.dll
0x00007fff46f70000 - 0x00007fff46fcd000 	C:\WINDOWS\System32\shlwapi.dll
0x00007fff45f30000 - 0x00007fff45f51000 	C:\WINDOWS\SYSTEM32\profapi.dll
0x00007fff15020000 - 0x00007fff15038000 	C:\Program Files\Java\jdk-17\bin\zip.dll
0x00007fff15140000 - 0x00007fff15159000 	C:\Program Files\Java\jdk-17\bin\net.dll
0x00007fff406b0000 - 0x00007fff407bc000 	C:\WINDOWS\SYSTEM32\WINHTTP.dll
0x00007fff45620000 - 0x00007fff45687000 	C:\WINDOWS\system32\mswsock.dll
0x00007fff15040000 - 0x00007fff15055000 	C:\Program Files\Java\jdk-17\bin\nio.dll
0x00007fff34c90000 - 0x00007fff34caa000 	C:\Users\Lenovo\AppData\Local\JetBrains\Toolbox\apps\IDEA-C\ch-0\221.5591.52\bin\breakgen64.dll
0x00007fff1bfd0000 - 0x00007fff1bfe0000 	C:\Program Files\Java\jdk-17\bin\verify.dll
0x00007fff42060000 - 0x00007fff42069000 	C:\Program Files\Java\jdk-17\bin\management.dll
0x00007fff413c0000 - 0x00007fff413cb000 	C:\Program Files\Java\jdk-17\bin\management_ext.dll
0x00007fff1f4d0000 - 0x00007fff1f4e7000 	C:\WINDOWS\system32\napinsp.dll
0x00007fff1fbb0000 - 0x00007fff1fbcb000 	C:\WINDOWS\system32\pnrpnsp.dll
0x00007fff44d10000 - 0x00007fff44df8000 	C:\WINDOWS\SYSTEM32\DNSAPI.dll
0x00007fff44ce0000 - 0x00007fff44d0d000 	C:\WINDOWS\SYSTEM32\IPHLPAPI.DLL
0x00007fff470d0000 - 0x00007fff470d9000 	C:\WINDOWS\System32\NSI.dll
0x00007fff1f210000 - 0x00007fff1f222000 	C:\WINDOWS\System32\winrnr.dll
0x00007fff1f1f0000 - 0x00007fff1f205000 	C:\WINDOWS\system32\wshbth.dll
0x00007fff1f1d0000 - 0x00007fff1f1ef000 	C:\WINDOWS\system32\nlansp_c.dll
0x00007fff3be20000 - 0x00007fff3be2a000 	C:\Windows\System32\rasadhlp.dll
0x00007fff3f280000 - 0x00007fff3f301000 	C:\WINDOWS\System32\fwpuclnt.dll
0x00007fff45860000 - 0x00007fff45878000 	C:\WINDOWS\SYSTEM32\CRYPTSP.dll
0x00007fff45120000 - 0x00007fff45155000 	C:\WINDOWS\system32\rsaenh.dll
0x00007fff45710000 - 0x00007fff45739000 	C:\WINDOWS\SYSTEM32\USERENV.dll
0x00007fff459e0000 - 0x00007fff45a07000 	C:\WINDOWS\SYSTEM32\bcrypt.dll
0x00007fff45880000 - 0x00007fff4588c000 	C:\WINDOWS\SYSTEM32\CRYPTBASE.dll
0x00007fff40d30000 - 0x00007fff40d49000 	C:\WINDOWS\SYSTEM32\dhcpcsvc6.DLL
0x00007fff40dc0000 - 0x00007fff40dde000 	C:\WINDOWS\SYSTEM32\dhcpcsvc.DLL
0x00007fff41320000 - 0x00007fff4132e000 	C:\Program Files\Java\jdk-17\bin\sunmscapi.dll
0x00007fff46360000 - 0x00007fff464c2000 	C:\WINDOWS\System32\CRYPT32.dll
0x00007fff459b0000 - 0x00007fff459d8000 	C:\WINDOWS\SYSTEM32\ncrypt.dll
0x00007fff45970000 - 0x00007fff459a7000 	C:\WINDOWS\SYSTEM32\NTASN1.dll
0x00007fff35200000 - 0x00007fff35208000 	C:\WINDOWS\system32\wshunix.dll

dbghelp: loaded successfully - version: 4.0.5 - missing functions: none
symbol engine: initialized successfully - sym options: 0x614 - pdb path: .;C:\Program Files\Java\jdk-17\bin;C:\WINDOWS\SYSTEM32;C:\WINDOWS\WinSxS\amd64_microsoft.windows.common-controls_6595b64144ccf1df_6.0.22000.120_none_9d947278b86cc467;C:\Program Files\Java\jdk-17\bin\server;C:\Users\Lenovo\AppData\Local\JetBrains\Toolbox\apps\IDEA-C\ch-0\221.5591.52\bin

VM Arguments:
jvm_args: -javaagent:C:\Users\Lenovo\AppData\Local\JetBrains\Toolbox\apps\IDEA-C\ch-0\221.5591.52\lib\idea_rt.jar=49520:C:\Users\Lenovo\AppData\Local\JetBrains\Toolbox\apps\IDEA-C\ch-0\221.5591.52\bin -Dfile.encoding=UTF-8 
java_command: com.norab.DemoApplication
java_class_path (initial): C:\Users\Lenovo\IdeaProjects\C3odeCool\jdbc\target\classes;C:\Users\Lenovo\.m2\repository\org\springframework\boot\spring-boot-starter-web\2.5.4\spring-boot-starter-web-2.5.4.jar;C:\Users\Lenovo\.m2\repository\org\springframework\boot\spring-boot-starter\2.5.4\spring-boot-starter-2.5.4.jar;C:\Users\Lenovo\.m2\repository\org\springframework\boot\spring-boot\2.5.4\spring-boot-2.5.4.jar;C:\Users\Lenovo\.m2\repository\org\springframework\boot\spring-boot-autoconfigure\2.5.4\spring-boot-autoconfigure-2.5.4.jar;C:\Users\Lenovo\.m2\repository\org\springframework\boot\spring-boot-starter-logging\2.5.4\spring-boot-starter-logging-2.5.4.jar;C:\Users\Lenovo\.m2\repository\ch\qos\logback\logback-classic\1.2.5\logback-classic-1.2.5.jar;C:\Users\Lenovo\.m2\repository\ch\qos\logback\logback-core\1.2.5\logback-core-1.2.5.jar;C:\Users\Lenovo\.m2\repository\org\apache\logging\log4j\log4j-to-slf4j\2.14.1\log4j-to-slf4j-2.14.1.jar;C:\Users\Lenovo\.m2\repository\org\apache\logging\log4j\log4j-api\2.14.1\log4j-api-2.14.1.jar;C:\Users\Lenovo\.m2\repository\org\slf4j\jul-to-slf4j\1.7.32\jul-to-slf4j-1.7.32.jar;C:\Users\Lenovo\.m2\repository\jakarta\annotation\jakarta.annotation-api\1.3.5\jakarta.annotation-api-1.3.5.jar;C:\Users\Lenovo\.m2\repository\org\yaml\snakeyaml\1.28\snakeyaml-1.28.jar;C:\Users\Lenovo\.m2\repository\org\springframework\boot\spring-boot-starter-json\2.5.4\spring-boot-starter-json-2.5.4.jar;C:\Users\Lenovo\.m2\repository\com\fasterxml\jackson\core\jackson-databind\2.12.4\jackson-databind-2.12.4.jar;C:\Users\Lenovo\.m2\repository\com\fasterxml\jackson\core\jackson-annotations\2.12.4\jackson-annotations-2.12.4.jar;C:\Users\Lenovo\.m2\repository\com\fasterxml\jackson\core\jackson-core\2.12.4\jackson-core-2.12.4.jar;C:\Users\Lenovo\.m2\repository\com\fasterxml\jackson\datatype\jackson-datatype-jdk8\2.12.4\jackson-datatype-jdk8-2.12.4.jar;C:\Users\Lenovo\.m2\repository\com\fasterxml\jackson\datatype\jackson-datatype-jsr310\2.12.4\jackson-dataty
Launcher Type: SUN_STANDARD

[Global flags]
     intx CICompilerCount                          = 3                                         {product} {ergonomic}
     uint ConcGCThreads                            = 1                                         {product} {ergonomic}
     uint G1ConcRefinementThreads                  = 4                                         {product} {ergonomic}
   size_t G1HeapRegionSize                         = 1048576                                   {product} {ergonomic}
    uintx GCDrainStackTargetSize                   = 64                                        {product} {ergonomic}
   size_t InitialHeapSize                          = 67108864                                  {product} {ergonomic}
   size_t MarkStackSize                            = 4194304                                   {product} {ergonomic}
   size_t MaxHeapSize                              = 1050673152                                {product} {ergonomic}
   size_t MaxNewSize                               = 630194176                                 {product} {ergonomic}
   size_t MinHeapDeltaBytes                        = 1048576                                   {product} {ergonomic}
   size_t MinHeapSize                              = 8388608                                   {product} {ergonomic}
    uintx NonNMethodCodeHeapSize                   = 5832780                                {pd product} {ergonomic}
    uintx NonProfiledCodeHeapSize                  = 122912730                              {pd product} {ergonomic}
    uintx ProfiledCodeHeapSize                     = 122912730                              {pd product} {ergonomic}
    uintx ReservedCodeCacheSize                    = 251658240                              {pd product} {ergonomic}
     bool SegmentedCodeCache                       = true                                      {product} {ergonomic}
   size_t SoftMaxHeapSize                          = 1050673152                             {manageable} {ergonomic}
     bool UseCompressedClassPointers               = true                           {product lp64_product} {ergonomic}
     bool UseCompressedOops                        = true                           {product lp64_product} {ergonomic}
     bool UseG1GC                                  = true                                      {product} {ergonomic}
     bool UseLargePagesIndividualAllocation        = false                                  {pd product} {ergonomic}

Logging:
Log output configuration:
 #0: stdout all=warning uptime,level,tags
 #1: stderr all=off uptime,level,tags

Environment Variables:
PATH=C:\Program Files\Common Files\Oracle\Java\javapath;C:\Program Files (x86)\Common Files\Oracle\Java\javapath;C:\Windows\system32;C:\Windows;C:\Windows\System32\Wbem;C:\Windows\System32\WindowsPowerShell\v1.0\;C:\Windows\System32\OpenSSH\;C:\Program Files (x86)\NVIDIA Corporation\PhysX\Common;C:\Program Files\NVIDIA Corporation\NVIDIA NvDLISR;C:\WINDOWS\system32;C:\WINDOWS;C:\WINDOWS\System32\Wbem;C:\WINDOWS\System32\WindowsPowerShell\v1.0\;C:\WINDOWS\System32\OpenSSH\;C:\Program Files\apache-maven-3.8.1\bin;C:\Program Files\Kubernetes\Minikube;C:\Program Files\Git\cmd;C:\Program Files (x86)\Microsoft SQL Server\150\DTS\Binn\;C:\Program Files\Azure Data Studio\bin;C:\Program Files\Microsoft SQL Server\Client SDK\ODBC\170\Tools\Binn\;C:\Program Files (x86)\Microsoft SQL Server\150\Tools\Binn\;C:\Program Files\Microsoft SQL Server\150\Tools\Binn\;C:\Program Files\Microsoft SQL Server\150\DTS\Binn\;C:\Program Files\Java\jdk-17\bin;;C:\WINDOWS\system32;C:\WINDOWS;C:\WINDOWS\System32\Wbem;C:\WINDOWS\System32\WindowsPowerShell\v1.0\;C:\WINDOWS\System32\OpenSSH\;C:\Program Files\Docker\Docker\resources\bin;C:\ProgramData\DockerDesktop\version-bin;C:\Program Files\nodejs\;C:\Users\Lenovo\AppData\Local\Programs\Python\Python310\Scripts\;C:\Users\Lenovo\AppData\Local\Programs\Python\Python310\;C:\Users\Lenovo\AppData\Local\Microsoft\WindowsApps;C:\Users\Lenovo\AppData\Local\Programs\Microsoft VS Code\bin;C:\Program Files\Azure Data Studio\bin;C:\Users\Lenovo\AppData\Roaming\npm;
USERNAME=Lenovo
OS=Windows_NT
PROCESSOR_IDENTIFIER=Intel64 Family 6 Model 142 Stepping 10, GenuineIntel



---------------  S Y S T E M  ---------------

OS:
 Windows 10 , 64 bit Build 22000 (10.0.22000.708)
OS uptime: 3 days 22:35 hours
Hyper-V role detected

CPU: total 4 (initial active 4) (2 cores per cpu, 2 threads per core) family 6 model 142 stepping 10 microcode 0xea, cx8, cmov, fxsr, ht, mmx, 3dnowpref, sse, sse2, sse3, ssse3, sse4.1, sse4.2, popcnt, lzcnt, tsc, tscinvbit, avx, avx2, aes, erms, clmul, bmi1, bmi2, adx, fma, vzeroupper, clflush, clflushopt, hv

Memory: 4k page, system-wide physical 4001M (41M free)
TotalPageFile size 16289M (AvailPageFile size 4M)
current process WorkingSet (physical memory assigned to process): 167M, peak: 167M
current process commit charge ("private bytes"): 205M, peak: 206M

vm_info: Java HotSpot(TM) 64-Bit Server VM (17+35-LTS-2724) for windows-amd64 JRE (17+35-LTS-2724), built on Aug  5 2021 23:28:28 by "mach5one" with MS VC++ 16.8 (VS2019)

END.
